<?xml version="1.0" encoding="UTF-8"?>
<testsuite xmlns:xsi="http://www.w3.org/2001/XMLSchema-instance" xsi:noNamespaceSchemaLocation="https://maven.apache.org/surefire/maven-surefire-plugin/xsd/surefire-test-report.xsd" name="runner.RunTest" time="186.588" tests="12" errors="0" skipped="0" failures="2">
  <properties>
[...]
</properties>
  <testcase name="Login with valid credentials" classname="Login function" time="17.046">
    <failure type="java.lang.AssertionError">java.lang.AssertionError
</failure>
    <system-out><![CDATA[
Scenario: Login with valid credentials                                       &amp#27;[90m# src/test/resourcess/features/Login111.feature:3&amp#27;[0m
  &amp#27;[32mGiven &amp#27;[0m&amp#27;[32mUser navigates to Login page&amp#27;[0m                                         &amp#27;[90m# stepdefinitions.Login.user_navigates_to_login_page()&amp#27;[0m
  &amp#27;[31mWhen &amp#27;[0m&amp#27;[31mUser enters valid email address &amp#27;[0m&amp#27;[31m&amp#27;[1m"Ice1bt@hotmail.com"&amp#27;[0m&amp#27;[31m into email field&amp#27;[0m &amp#27;[90m# stepdefinitions.Login.user_enters_valid_email_address_into_email_field(java.lang.String)&amp#27;[0m
      &amp#27;[31mjava.lang.AssertionError
	at org.junit.Assert.fail(Assert.java:86)
	at org.junit.Assert.assertTrue(Assert.java:41)
	at org.junit.Assert.assertFalse(Assert.java:64)
	at org.junit.Assert.assertFalse(Assert.java:74)
	at stepdefinitions.Login.user_enters_valid_email_address_into_email_field(Login.java:43)
	at ✽.User enters valid email address "Ice1bt@hotmail.com" into email field(file:///C:/Users/user/eclipse-workspace/CucumberProject/src/test/resourcess/features/Login111.feature:5)
&amp#27;[0m
  &amp#27;[36mAnd &amp#27;[0m&amp#27;[36mUser enters valid password &amp#27;[0m&amp#27;[36m&amp#27;[1m"12345"&amp#27;[0m&amp#27;[36m into password field&amp#27;[0m                 &amp#27;[90m# stepdefinitions.Login.user_enters_valid_password_into_password_field(java.lang.String)&amp#27;[0m
  &amp#27;[36mAnd &amp#27;[0m&amp#27;[36mUser clicks on Login button&amp#27;[0m                                            &amp#27;[90m# stepdefinitions.Login.user_clicks_on_login_button()&amp#27;[0m
  &amp#27;[36mThen &amp#27;[0m&amp#27;[36mUser should successfully Login&amp#27;[0m                                        &amp#27;[90m# stepdefinitions.Login.user_should_successfully_login()&amp#27;[0m

    Embedding Login_with_valid_credentials [image/png 65086 bytes]

]]></system-out>
  </testcase>
  <testcase name="Login with invaid credentials" classname="Login function" time="14.942"/>
  <testcase name="Login with valid email and invalid password" classname="Login function" time="14.116">
    <failure type="java.lang.AssertionError">java.lang.AssertionError
</failure>
    <system-out><![CDATA[
Scenario: Login with valid email and invalid password                        &amp#27;[90m# src/test/resourcess/features/Login111.feature:17&amp#27;[0m
  &amp#27;[32mGiven &amp#27;[0m&amp#27;[32mUser navigates to Login page&amp#27;[0m                                         &amp#27;[90m# stepdefinitions.Login.user_navigates_to_login_page()&amp#27;[0m
  &amp#27;[31mWhen &amp#27;[0m&amp#27;[31mUser enters valid email address &amp#27;[0m&amp#27;[31m&amp#27;[1m"Ice1bt@hotmail.com"&amp#27;[0m&amp#27;[31m into email field&amp#27;[0m &amp#27;[90m# stepdefinitions.Login.user_enters_valid_email_address_into_email_field(java.lang.String)&amp#27;[0m
      &amp#27;[31mjava.lang.AssertionError
	at org.junit.Assert.fail(Assert.java:86)
	at org.junit.Assert.assertTrue(Assert.java:41)
	at org.junit.Assert.assertFalse(Assert.java:64)
	at org.junit.Assert.assertFalse(Assert.java:74)
	at stepdefinitions.Login.user_enters_valid_email_address_into_email_field(Login.java:43)
	at ✽.User enters valid email address "Ice1bt@hotmail.com" into email field(file:///C:/Users/user/eclipse-workspace/CucumberProject/src/test/resourcess/features/Login111.feature:19)
&amp#27;[0m
  &amp#27;[36mAnd &amp#27;[0m&amp#27;[36mUser enter invalid password &amp#27;[0m&amp#27;[36m&amp#27;[1m"112233"&amp#27;[0m&amp#27;[36m into password field&amp#27;[0m               &amp#27;[90m# stepdefinitions.Login.user_enter_invalid_password_into_password_field(java.lang.String)&amp#27;[0m
  &amp#27;[36mAnd &amp#27;[0m&amp#27;[36mUser clicks on Login button&amp#27;[0m                                            &amp#27;[90m# stepdefinitions.Login.user_clicks_on_login_button()&amp#27;[0m
  &amp#27;[36mThen &amp#27;[0m&amp#27;[36mUser should get propper warning message about credentials missmatch&amp#27;[0m   &amp#27;[90m# stepdefinitions.Login.user_should_get_propper_warning_message_about_credentials_missmatch()&amp#27;[0m

    Embedding Login_with_valid_email_and_invalid_password [image/png 65102 bytes]

]]></system-out>
  </testcase>
  <testcase name="Login with invalid email and valid password" classname="Login function" time="15.36"/>
  <testcase name="Login with not providing any credentials" classname="Login function" time="12.29"/>
  <testcase name="User creates account only with mandatory fields" classname="Register" time="13.331"/>
  <testcase name="User creates account with all fields" classname="Register" time="16.831"/>
  <testcase name="User creates duplicate account" classname="Register" time="16.742"/>
  <testcase name="User creates account without filling any details" classname="Register" time="25.367"/>
  <testcase name="User search for a valid products" classname="Search functionality" time="15.73"/>
  <testcase name="User should search for invalid product" classname="Search functionality" time="9.541"/>
  <testcase name="User search without providing any product" classname="Search functionality" time="7.424"/>
</testsuite>